This file contains any messages produced by compilers while
running configure, to aid debugging if configure makes a mistake.

It was created by 1oom configure 0.1, which was
generated by GNU Autoconf 2.71.  Invocation command line was

  $ ../1oom/configure --disable-hwalleg4 'CFLAGS=-g -O1 -fsanitize=address -fno-omit-frame-pointer' LDFLAGS=-fsanitize=address

## --------- ##
## Platform. ##
## --------- ##

hostname = d906d4da6958
uname -m = x86_64
uname -r = 6.17.0-35-generic
uname -s = Linux
uname -v = #35~24.04.1-Ubuntu SMP PREEMPT_DYNAMIC Tue May 26 19:30:42 UTC 2

/usr/bin/uname -p = unknown
/bin/uname -X     = unknown

/bin/arch              = x86_64
/usr/bin/arch -k       = unknown
/usr/convex/getsysinfo = unknown
/usr/bin/hostinfo      = unknown
/bin/machine           = unknown
/usr/bin/oslevel       = unknown
/bin/universe          = unknown

PATH: /usr/local/sbin/
PATH: /usr/local/bin/
PATH: /usr/sbin/
PATH: /usr/bin/
PATH: /sbin/
PATH: /bin/


## ----------- ##
## Core tests. ##
## ----------- ##

configure:2447: looking for aux files: ar-lib compile config.guess config.sub missing install-sh
configure:2460:  trying ../1oom/build-aux/
configure:2489:   ../1oom/build-aux/ar-lib found
configure:2489:   ../1oom/build-aux/compile found
configure:2489:   ../1oom/build-aux/config.guess found
configure:2489:   ../1oom/build-aux/config.sub found
configure:2489:   ../1oom/build-aux/missing found
configure:2471:   ../1oom/build-aux/install-sh found
configure:2671: checking for a BSD-compatible install
configure:2744: result: /usr/bin/install -c
configure:2755: checking whether build environment is sane
configure:2810: result: yes
configure:2969: checking for a race-free mkdir -p
configure:3013: result: /usr/bin/mkdir -p
configure:3020: checking for gawk
configure:3055: result: no
configure:3020: checking for mawk
configure:3041: found /usr/bin/mawk
configure:3052: result: mawk
configure:3063: checking whether make sets $(MAKE)
configure:3086: result: yes
configure:3116: checking whether make supports nested variables
configure:3134: result: yes
configure:3282: checking whether make supports nested variables
configure:3300: result: yes
configure:3318: checking build system type
configure:3333: result: x86_64-pc-linux-gnu
configure:3353: checking host system type
configure:3367: result: x86_64-pc-linux-gnu
configure:3403: checking whether make supports the include directive
configure:3418: make -f confmf.GNU && cat confinc.out
this is the am__doit target
configure:3421: $? = 0
configure:3440: result: yes (GNU style)
configure:3516: checking for gcc
configure:3537: found /usr/bin/gcc
configure:3548: result: gcc
configure:3901: checking for C compiler version
configure:3910: gcc --version >&5
gcc (Debian 12.2.0-14+deb12u1) 12.2.0
Copyright (C) 2022 Free Software Foundation, Inc.
This is free software; see the source for copying conditions.  There is NO
warranty; not even for MERCHANTABILITY or FITNESS FOR A PARTICULAR PURPOSE.

configure:3921: $? = 0
configure:3910: gcc -v >&5
Using built-in specs.
COLLECT_GCC=gcc
COLLECT_LTO_WRAPPER=/usr/lib/gcc/x86_64-linux-gnu/12/lto-wrapper
OFFLOAD_TARGET_NAMES=nvptx-none:amdgcn-amdhsa
OFFLOAD_TARGET_DEFAULT=1
Target: x86_64-linux-gnu
Configured with: ../src/configure -v --with-pkgversion='Debian 12.2.0-14+deb12u1' --with-bugurl=file:///usr/share/doc/gcc-12/README.Bugs --enable-languages=c,ada,c++,go,d,fortran,objc,obj-c++,m2 --prefix=/usr --with-gcc-major-version-only --program-suffix=-12 --program-prefix=x86_64-linux-gnu- --enable-shared --enable-linker-build-id --libexecdir=/usr/lib --without-included-gettext --enable-threads=posix --libdir=/usr/lib --enable-nls --enable-clocale=gnu --enable-libstdcxx-debug --enable-libstdcxx-time=yes --with-default-libstdcxx-abi=new --enable-gnu-unique-object --disable-vtable-verify --enable-plugin --enable-default-pie --with-system-zlib --enable-libphobos-checking=release --with-target-system-zlib=auto --enable-objc-gc=auto --enable-multiarch --disable-werror --enable-cet --with-arch-32=i686 --with-abi=m64 --with-multilib-list=m32,m64,mx32 --enable-multilib --with-tune=generic --enable-offload-targets=nvptx-none=/build/reproducible-path/gcc-12-12.2.0/debian/tmp-nvptx/usr,amdgcn-amdhsa=/build/reproducible-path/gcc-12-12.2.0/debian/tmp-gcn/usr --enable-offload-defaulted --without-cuda-driver --enable-checking=release --build=x86_64-linux-gnu --host=x86_64-linux-gnu --target=x86_64-linux-gnu
Thread model: posix
Supported LTO compression algorithms: zlib zstd
gcc version 12.2.0 (Debian 12.2.0-14+deb12u1) 
... rest of stderr output deleted ...
configure:3921: $? = 0
configure:3910: gcc -V >&5
gcc: error: unrecognized command-line option '-V'
gcc: fatal error: no input files
compilation terminated.
configure:3921: $? = 1
configure:3910: gcc -qversion >&5
gcc: error: unrecognized command-line option '-qversion'; did you mean '--version'?
gcc: fatal error: no input files
compilation terminated.
configure:3921: $? = 1
configure:3910: gcc -version >&5
gcc: error: unrecognized command-line option '-version'
gcc: fatal error: no input files
compilation terminated.
configure:3921: $? = 1
configure:3941: checking whether the C compiler works
configure:3963: gcc -g -O1 -fsanitize=address -fno-omit-frame-pointer  -fsanitize=address conftest.c  >&5
configure:3967: $? = 0
configure:4017: result: yes
configure:4020: checking for C compiler default output file name
configure:4022: result: a.out
configure:4028: checking for suffix of executables
configure:4035: gcc -o conftest -g -O1 -fsanitize=address -fno-omit-frame-pointer  -fsanitize=address conftest.c  >&5
configure:4039: $? = 0
configure:4062: result: 
configure:4084: checking whether we are cross compiling
configure:4092: gcc -o conftest -g -O1 -fsanitize=address -fno-omit-frame-pointer  -fsanitize=address conftest.c  >&5
configure:4096: $? = 0
configure:4103: ./conftest
configure:4107: $? = 0
configure:4122: result: no
configure:4127: checking for suffix of object files
configure:4150: gcc -c -g -O1 -fsanitize=address -fno-omit-frame-pointer  conftest.c >&5
configure:4154: $? = 0
configure:4176: result: o
configure:4180: checking whether the compiler supports GNU C
configure:4200: gcc -c -g -O1 -fsanitize=address -fno-omit-frame-pointer  conftest.c >&5
configure:4200: $? = 0
configure:4210: result: yes
configure:4221: checking whether gcc accepts -g
configure:4242: gcc -c -g  conftest.c >&5
configure:4242: $? = 0
configure:4286: result: yes
configure:4306: checking for gcc option to enable C11 features
configure:4321: gcc  -c -g -O1 -fsanitize=address -fno-omit-frame-pointer  conftest.c >&5
configure:4321: $? = 0
configure:4339: result: none needed
configure:4455: checking whether gcc understands -c and -o together
configure:4478: gcc -c conftest.c -o conftest2.o
configure:4481: $? = 0
configure:4478: gcc -c conftest.c -o conftest2.o
configure:4481: $? = 0
configure:4493: result: yes
configure:4512: checking dependency style of gcc
configure:4624: result: gcc3
configure:4645: checking how to run the C preprocessor
configure:4671: gcc -E  conftest.c
configure:4671: $? = 0
configure:4686: gcc -E  conftest.c
conftest.c:11:10: fatal error: ac_nonexistent.h: No such file or directory
   11 | #include <ac_nonexistent.h>
      |          ^~~~~~~~~~~~~~~~~~
compilation terminated.
configure:4686: $? = 1
configure: failed program was:
| /* confdefs.h */
| #define PACKAGE_NAME "1oom"
| #define PACKAGE_TARNAME "1oom"
| #define PACKAGE_VERSION "0.1"
| #define PACKAGE_STRING "1oom 0.1"
| #define PACKAGE_BUGREPORT ""
| #define PACKAGE_URL ""
| #define PACKAGE "1oom"
| #define VERSION "0.1"
| /* end confdefs.h.  */
| #include <ac_nonexistent.h>
configure:4713: result: gcc -E
configure:4727: gcc -E  conftest.c
configure:4727: $? = 0
configure:4742: gcc -E  conftest.c
conftest.c:11:10: fatal error: ac_nonexistent.h: No such file or directory
   11 | #include <ac_nonexistent.h>
      |          ^~~~~~~~~~~~~~~~~~
compilation terminated.
configure:4742: $? = 1
configure: failed program was:
| /* confdefs.h */
| #define PACKAGE_NAME "1oom"
| #define PACKAGE_TARNAME "1oom"
| #define PACKAGE_VERSION "0.1"
| #define PACKAGE_STRING "1oom 0.1"
| #define PACKAGE_BUGREPORT ""
| #define PACKAGE_URL ""
| #define PACKAGE "1oom"
| #define VERSION "0.1"
| /* end confdefs.h.  */
| #include <ac_nonexistent.h>
configure:4828: checking for ar
configure:4849: found /usr/bin/ar
configure:4860: result: ar
configure:4886: checking the archiver (ar) interface
configure:4903: gcc -c -g -O1 -fsanitize=address -fno-omit-frame-pointer  conftest.c >&5
configure:4903: $? = 0
configure:4906: ar cru libconftest.a conftest.o >&5
ar: `u' modifier ignored since `D' is the default (see `U')
configure:4909: $? = 0
configure:4937: result: ar
configure:5005: checking for ranlib
configure:5026: found /usr/bin/ranlib
configure:5037: result: ranlib
configure:5107: checking for strip
configure:5128: found /usr/bin/strip
configure:5139: result: strip
configure:5167: checking for stdio.h
configure:5167: gcc -c -g -O1 -fsanitize=address -fno-omit-frame-pointer  conftest.c >&5
configure:5167: $? = 0
configure:5167: result: yes
configure:5167: checking for stdlib.h
configure:5167: gcc -c -g -O1 -fsanitize=address -fno-omit-frame-pointer  conftest.c >&5
configure:5167: $? = 0
configure:5167: result: yes
configure:5167: checking for string.h
configure:5167: gcc -c -g -O1 -fsanitize=address -fno-omit-frame-pointer  conftest.c >&5
configure:5167: $? = 0
configure:5167: result: yes
configure:5167: checking for inttypes.h
configure:5167: gcc -c -g -O1 -fsanitize=address -fno-omit-frame-pointer  conftest.c >&5
configure:5167: $? = 0
configure:5167: result: yes
configure:5167: checking for stdint.h
configure:5167: gcc -c -g -O1 -fsanitize=address -fno-omit-frame-pointer  conftest.c >&5
configure:5167: $? = 0
configure:5167: result: yes
configure:5167: checking for strings.h
configure:5167: gcc -c -g -O1 -fsanitize=address -fno-omit-frame-pointer  conftest.c >&5
configure:5167: $? = 0
configure:5167: result: yes
configure:5167: checking for sys/stat.h
configure:5167: gcc -c -g -O1 -fsanitize=address -fno-omit-frame-pointer  conftest.c >&5
configure:5167: $? = 0
configure:5167: result: yes
configure:5167: checking for sys/types.h
configure:5167: gcc -c -g -O1 -fsanitize=address -fno-omit-frame-pointer  conftest.c >&5
configure:5167: $? = 0
configure:5167: result: yes
configure:5167: checking for unistd.h
configure:5167: gcc -c -g -O1 -fsanitize=address -fno-omit-frame-pointer  conftest.c >&5
configure:5167: $? = 0
configure:5167: result: yes
configure:5192: checking whether byte ordering is bigendian
configure:5208: gcc -c -g -O1 -fsanitize=address -fno-omit-frame-pointer  conftest.c >&5
conftest.c:22:16: error: unknown type name 'not'
   22 |                not a universal capable compiler
      |                ^~~
conftest.c:22:22: error: expected '=', ',', ';', 'asm' or '__attribute__' before 'universal'
   22 |                not a universal capable compiler
      |                      ^~~~~~~~~
conftest.c:22:22: error: unknown type name 'universal'
configure:5208: $? = 1
configure: failed program was:
| /* confdefs.h */
| #define PACKAGE_NAME "1oom"
| #define PACKAGE_TARNAME "1oom"
| #define PACKAGE_VERSION "0.1"
| #define PACKAGE_STRING "1oom 0.1"
| #define PACKAGE_BUGREPORT ""
| #define PACKAGE_URL ""
| #define PACKAGE "1oom"
| #define VERSION "0.1"
| #define HAVE_STDIO_H 1
| #define HAVE_STDLIB_H 1
| #define HAVE_STRING_H 1
| #define HAVE_INTTYPES_H 1
| #define HAVE_STDINT_H 1
| #define HAVE_STRINGS_H 1
| #define HAVE_SYS_STAT_H 1
| #define HAVE_SYS_TYPES_H 1
| #define HAVE_UNISTD_H 1
| #define STDC_HEADERS 1
| /* end confdefs.h.  */
| #ifndef __APPLE_CC__
| 	       not a universal capable compiler
| 	     #endif
| 	     typedef int dummy;
| 
configure:5254: gcc -c -g -O1 -fsanitize=address -fno-omit-frame-pointer  conftest.c >&5
configure:5254: $? = 0
configure:5273: gcc -c -g -O1 -fsanitize=address -fno-omit-frame-pointer  conftest.c >&5
conftest.c: In function 'main':
conftest.c:28:18: error: unknown type name 'not'; did you mean 'ino_t'?
   28 |                  not big endian
      |                  ^~~
      |                  ino_t
conftest.c:28:26: error: expected '=', ',', ';', 'asm' or '__attribute__' before 'endian'
   28 |                  not big endian
      |                          ^~~~~~
configure:5273: $? = 1
configure: failed program was:
| /* confdefs.h */
| #define PACKAGE_NAME "1oom"
| #define PACKAGE_TARNAME "1oom"
| #define PACKAGE_VERSION "0.1"
| #define PACKAGE_STRING "1oom 0.1"
| #define PACKAGE_BUGREPORT ""
| #define PACKAGE_URL ""
| #define PACKAGE "1oom"
| #define VERSION "0.1"
| #define HAVE_STDIO_H 1
| #define HAVE_STDLIB_H 1
| #define HAVE_STRING_H 1
| #define HAVE_INTTYPES_H 1
| #define HAVE_STDINT_H 1
| #define HAVE_STRINGS_H 1
| #define HAVE_SYS_STAT_H 1
| #define HAVE_SYS_TYPES_H 1
| #define HAVE_UNISTD_H 1
| #define STDC_HEADERS 1
| /* end confdefs.h.  */
| #include <sys/types.h>
| 		#include <sys/param.h>
| 
| int
| main (void)
| {
| #if BYTE_ORDER != BIG_ENDIAN
| 		 not big endian
| 		#endif
| 
|   ;
|   return 0;
| }
configure:5407: result: no
configure:5452: checking for inttypes.h
configure:5452: result: yes
configure:5458: checking for stdbool.h
configure:5458: gcc -c -g -O1 -fsanitize=address -fno-omit-frame-pointer  conftest.c >&5
configure:5458: $? = 0
configure:5458: result: yes
configure:5465: checking for atexit
configure:5465: gcc -o conftest -g -O1 -fsanitize=address -fno-omit-frame-pointer  -fsanitize=address conftest.c  >&5
configure:5465: $? = 0
configure:5465: result: yes
configure:5471: checking for strcasecmp
configure:5471: gcc -o conftest -g -O1 -fsanitize=address -fno-omit-frame-pointer  -fsanitize=address conftest.c  >&5
conftest.c:40:6: warning: conflicting types for built-in function 'strcasecmp'; expected 'int(const char *, const char *)' [-Wbuiltin-declaration-mismatch]
   40 | char strcasecmp ();
      |      ^~~~~~~~~~
configure:5471: $? = 0
configure:5471: result: yes
configure:5485: checking for wtypes.h
configure:5485: gcc -c -g -O1 -fsanitize=address -fno-omit-frame-pointer  conftest.c >&5
conftest.c:33:10: fatal error: wtypes.h: No such file or directory
   33 | #include <wtypes.h>
      |          ^~~~~~~~~~
compilation terminated.
configure:5485: $? = 1
configure: failed program was:
| /* confdefs.h */
| #define PACKAGE_NAME "1oom"
| #define PACKAGE_TARNAME "1oom"
| #define PACKAGE_VERSION "0.1"
| #define PACKAGE_STRING "1oom 0.1"
| #define PACKAGE_BUGREPORT ""
| #define PACKAGE_URL ""
| #define PACKAGE "1oom"
| #define VERSION "0.1"
| #define HAVE_STDIO_H 1
| #define HAVE_STDLIB_H 1
| #define HAVE_STRING_H 1
| #define HAVE_INTTYPES_H 1
| #define HAVE_STDINT_H 1
| #define HAVE_STRINGS_H 1
| #define HAVE_SYS_STAT_H 1
| #define HAVE_SYS_TYPES_H 1
| #define HAVE_UNISTD_H 1
| #define STDC_HEADERS 1
| #define HAVE_INTTYPES_H 1
| #define HAVE_STDBOOL_H 1
| #define HAVE_ATEXIT 1
| #define HAVE_STRCASECMP 1
| /* end confdefs.h.  */
| #ifdef HAVE_WTYPES_H
| #include <wtypes.h>
| #endif
| #ifdef HAVE_WINNT_H
| #include <winnt.h>
| #endif
| 
| 
| #include <wtypes.h>
configure:5485: result: no
configure:5485: checking for winnt.h
configure:5485: gcc -c -g -O1 -fsanitize=address -fno-omit-frame-pointer  conftest.c >&5
conftest.c:33:10: fatal error: winnt.h: No such file or directory
   33 | #include <winnt.h>
      |          ^~~~~~~~~
compilation terminated.
configure:5485: $? = 1
configure: failed program was:
| /* confdefs.h */
| #define PACKAGE_NAME "1oom"
| #define PACKAGE_TARNAME "1oom"
| #define PACKAGE_VERSION "0.1"
| #define PACKAGE_STRING "1oom 0.1"
| #define PACKAGE_BUGREPORT ""
| #define PACKAGE_URL ""
| #define PACKAGE "1oom"
| #define VERSION "0.1"
| #define HAVE_STDIO_H 1
| #define HAVE_STDLIB_H 1
| #define HAVE_STRING_H 1
| #define HAVE_INTTYPES_H 1
| #define HAVE_STDINT_H 1
| #define HAVE_STRINGS_H 1
| #define HAVE_SYS_STAT_H 1
| #define HAVE_SYS_TYPES_H 1
| #define HAVE_UNISTD_H 1
| #define STDC_HEADERS 1
| #define HAVE_INTTYPES_H 1
| #define HAVE_STDBOOL_H 1
| #define HAVE_ATEXIT 1
| #define HAVE_STRCASECMP 1
| /* end confdefs.h.  */
| #ifdef HAVE_WTYPES_H
| #include <wtypes.h>
| #endif
| #ifdef HAVE_WINNT_H
| #include <winnt.h>
| #endif
| 
| 
| #include <winnt.h>
configure:5485: result: no
configure:5577: checking for pkg-config
configure:5598: found /usr/bin/pkg-config
configure:5609: result: pkg-config
configure:5639: checking for src_new in -lsamplerate
configure:5662: gcc -o conftest -g -O1 -fsanitize=address -fno-omit-frame-pointer  -fsanitize=address conftest.c -lsamplerate   >&5
configure:5662: $? = 0
configure:5672: result: yes
configure:6219: checking for sdl2-config
configure:6240: found /usr/bin/sdl2-config
configure:6251: result: sdl2-config
configure:6307: checking for SDL2/SDL.h
configure:6307: gcc -c -g -O1 -fsanitize=address -fno-omit-frame-pointer -I/usr/include/SDL2 -D_REENTRANT  conftest.c >&5
configure:6307: $? = 0
configure:6307: result: yes
configure:6312: checking for SDL_CreateTexture in -lSDL2
configure:6335: gcc -o conftest -g -O1 -fsanitize=address -fno-omit-frame-pointer -I/usr/include/SDL2 -D_REENTRANT  -fsanitize=address conftest.c -lSDL2  -lSDL2 >&5
configure:6335: $? = 0
configure:6345: result: yes
configure:6389: checking for the SDL2_mixer library
configure:6417: gcc -o conftest -g -O1 -fsanitize=address -fno-omit-frame-pointer -I/usr/include/SDL2 -D_REENTRANT  -fsanitize=address conftest.c  -lSDL2_mixer -lSDL2  >&5
configure:6417: $? = 0
configure:6419: result: yes
configure:6441: checking for the SDL2main library
configure:6461: gcc -o conftest -g -O1 -fsanitize=address -fno-omit-frame-pointer -I/usr/include/SDL2 -D_REENTRANT  -fsanitize=address conftest.c  -lSDL2_mixer -lSDL2  -lSDL2main -lSDL2 >&5
configure:6461: $? = 0
configure:6463: result: yes
configure:7030: checking that generated files are newer than configure
configure:7036: result: done
configure:7220: creating ./config.status

## ---------------------- ##
## Running config.status. ##
## ---------------------- ##

This file was extended by 1oom config.status 0.1, which was
generated by GNU Autoconf 2.71.  Invocation command line was

  CONFIG_FILES    = 
  CONFIG_HEADERS  = 
  CONFIG_LINKS    = 
  CONFIG_COMMANDS = 
  $ ./config.status 

on d906d4da6958

config.status:936: creating Makefile
config.status:936: creating doc/Makefile
config.status:936: creating src/Makefile
config.status:936: creating src/game/Makefile
config.status:936: creating src/save/Makefile
config.status:936: creating src/os/Makefile
config.status:936: creating src/os/unix/Makefile
config.status:936: creating src/os/win32/Makefile
config.status:936: creating src/os/msdos/Makefile
config.status:936: creating src/ui/Makefile
config.status:936: creating src/ui/classic/Makefile
config.status:936: creating src/ui/nop/Makefile
config.status:936: creating src/hw/Makefile
config.status:936: creating src/hw/nop/Makefile
config.status:936: creating src/hw/sdl/Makefile
config.status:936: creating src/hw/sdl/1/Makefile
config.status:936: creating src/hw/sdl/2/Makefile
config.status:936: creating src/hw/alleg/Makefile
config.status:936: creating src/hw/alleg/4/Makefile
config.status:936: creating src/config.h
config.status:1150: executing depfiles commands
config.status:1227: cd src       && sed -e '/# am--include-marker/d' Makefile         | make -f - am--depfiles
config.status:1232: $? = 0
config.status:1227: cd src/game       && sed -e '/# am--include-marker/d' Makefile         | make -f - am--depfiles
config.status:1232: $? = 0
config.status:1227: cd src/save       && sed -e '/# am--include-marker/d' Makefile         | make -f - am--depfiles
config.status:1232: $? = 0
config.status:1227: cd src/os/unix       && sed -e '/# am--include-marker/d' Makefile         | make -f - am--depfiles
config.status:1232: $? = 0
config.status:1227: cd src/os/win32       && sed -e '/# am--include-marker/d' Makefile         | make -f - am--depfiles
config.status:1232: $? = 0
config.status:1227: cd src/os/msdos       && sed -e '/# am--include-marker/d' Makefile         | make -f - am--depfiles
config.status:1232: $? = 0
config.status:1227: cd src/ui/classic       && sed -e '/# am--include-marker/d' Makefile         | make -f - am--depfiles
config.status:1232: $? = 0
config.status:1227: cd src/ui/nop       && sed -e '/# am--include-marker/d' Makefile         | make -f - am--depfiles
config.status:1232: $? = 0
config.status:1227: cd src/hw/nop       && sed -e '/# am--include-marker/d' Makefile         | make -f - am--depfiles
config.status:1232: $? = 0
config.status:1227: cd src/hw/sdl/1       && sed -e '/# am--include-marker/d' Makefile         | make -f - am--depfiles
config.status:1232: $? = 0
config.status:1227: cd src/hw/sdl/2       && sed -e '/# am--include-marker/d' Makefile         | make -f - am--depfiles
config.status:1232: $? = 0
config.status:1227: cd src/hw/alleg/4       && sed -e '/# am--include-marker/d' Makefile         | make -f - am--depfiles
config.status:1232: $? = 0

## ---------------- ##
## Cache variables. ##
## ---------------- ##

ac_cv_build=x86_64-pc-linux-gnu
ac_cv_c_bigendian=no
ac_cv_c_compiler_gnu=yes
ac_cv_env_CC_set=
ac_cv_env_CC_value=
ac_cv_env_CFLAGS_set=set
ac_cv_env_CFLAGS_value='-g -O1 -fsanitize=address -fno-omit-frame-pointer'
ac_cv_env_CPPFLAGS_set=
ac_cv_env_CPPFLAGS_value=
ac_cv_env_CPP_set=
ac_cv_env_CPP_value=
ac_cv_env_LDFLAGS_set=set
ac_cv_env_LDFLAGS_value=-fsanitize=address
ac_cv_env_LIBS_set=
ac_cv_env_LIBS_value=
ac_cv_env_build_alias_set=
ac_cv_env_build_alias_value=
ac_cv_env_host_alias_set=
ac_cv_env_host_alias_value=
ac_cv_env_target_alias_set=
ac_cv_env_target_alias_value=
ac_cv_func_atexit=yes
ac_cv_func_strcasecmp=yes
ac_cv_header_SDL2_SDL_h=yes
ac_cv_header_inttypes_h=yes
ac_cv_header_stdbool_h=yes
ac_cv_header_stdint_h=yes
ac_cv_header_stdio_h=yes
ac_cv_header_stdlib_h=yes
ac_cv_header_string_h=yes
ac_cv_header_strings_h=yes
ac_cv_header_sys_stat_h=yes
ac_cv_header_sys_types_h=yes
ac_cv_header_unistd_h=yes
ac_cv_header_winnt_h=no
ac_cv_header_wtypes_h=no
ac_cv_host=x86_64-pc-linux-gnu
ac_cv_lib_SDL2_SDL_CreateTexture=yes
ac_cv_lib_samplerate_src_new=yes
ac_cv_objext=o
ac_cv_path_install='/usr/bin/install -c'
ac_cv_path_mkdir=/usr/bin/mkdir
ac_cv_prog_AWK=mawk
ac_cv_prog_CPP='gcc -E'
ac_cv_prog_ac_ct_AR=ar
ac_cv_prog_ac_ct_CC=gcc
ac_cv_prog_ac_ct_RANLIB=ranlib
ac_cv_prog_ac_ct_STRIP=strip
ac_cv_prog_ac_ct_pkg_config=pkg-config
ac_cv_prog_ac_ct_sdl2_config=sdl2-config
ac_cv_prog_cc_c11=
ac_cv_prog_cc_g=yes
ac_cv_prog_cc_stdc=
ac_cv_prog_make_make_set=yes
am_cv_CC_dependencies_compiler_type=gcc3
am_cv_ar_interface=ar
am_cv_make_support_nested_variables=yes
am_cv_prog_cc_c_o=yes

## ----------------- ##
## Output variables. ##
## ----------------- ##

ACLOCAL='${SHELL} '\''/work/1oom/build-aux/missing'\'' aclocal-1.16'
AMDEPBACKSLASH='\'
AMDEP_FALSE='#'
AMDEP_TRUE=''
AMTAR='$${TAR-tar}'
AM_BACKSLASH='\'
AM_DEFAULT_V='$(AM_DEFAULT_VERBOSITY)'
AM_DEFAULT_VERBOSITY='1'
AM_V='$(V)'
AR='ar'
AUTOCONF='${SHELL} '\''/work/1oom/build-aux/missing'\'' autoconf'
AUTOHEADER='${SHELL} '\''/work/1oom/build-aux/missing'\'' autoheader'
AUTOMAKE='${SHELL} '\''/work/1oom/build-aux/missing'\'' automake-1.16'
AWK='mawk'
CC='gcc'
CCDEPMODE='depmode=gcc3'
CFLAGS='-g -O1 -fsanitize=address -fno-omit-frame-pointer'
COMPILE_HW_ALLEG4_FALSE=''
COMPILE_HW_ALLEG4_TRUE='#'
COMPILE_HW_SDL1_FALSE=''
COMPILE_HW_SDL1_TRUE='#'
COMPILE_HW_SDL2_FALSE='#'
COMPILE_HW_SDL2_TRUE=''
COMPILE_HW_SDL_FALSE='#'
COMPILE_HW_SDL_TRUE=''
COMPILE_MSDOS_FALSE=''
COMPILE_MSDOS_TRUE='#'
COMPILE_TOOLS_ALLEG4_FALSE=''
COMPILE_TOOLS_ALLEG4_TRUE='#'
COMPILE_TOOLS_FALSE='#'
COMPILE_TOOLS_SDL1_FALSE=''
COMPILE_TOOLS_SDL1_TRUE='#'
COMPILE_TOOLS_SDL2_FALSE='#'
COMPILE_TOOLS_SDL2_TRUE=''
COMPILE_TOOLS_TRUE=''
COMPILE_UICLASSIC_ALLEG4_FALSE=''
COMPILE_UICLASSIC_ALLEG4_TRUE='#'
COMPILE_UICLASSIC_FALSE='#'
COMPILE_UICLASSIC_SDL1_FALSE=''
COMPILE_UICLASSIC_SDL1_TRUE='#'
COMPILE_UICLASSIC_SDL2_FALSE='#'
COMPILE_UICLASSIC_SDL2_TRUE=''
COMPILE_UICLASSIC_TRUE=''
COMPILE_UNIX_FALSE='#'
COMPILE_UNIX_TRUE=''
COMPILE_WIN32_FALSE=''
COMPILE_WIN32_TRUE='#'
CPP='gcc -E'
CPPFLAGS=''
CSCOPE='cscope'
CTAGS='ctags'
CYGPATH_W='echo'
DEFS='-DHAVE_CONFIG_H'
DEPDIR='.deps'
ECHO_C=''
ECHO_N='-n'
ECHO_T=''
ETAGS='etags'
EXEEXT=''
EXTRA_ALLEG4_LIBS=''
EXTRA_SDL1_LIBS=''
EXTRA_SDL2_LIBS=''
HAVE_READLINE=''
HW_ALLEG4_LIBS=''
HW_SDL1_CFLAGS=''
HW_SDL1_LIBS=''
HW_SDL2_CFLAGS='-g -O1 -fsanitize=address -fno-omit-frame-pointer -I/usr/include/SDL2 -D_REENTRANT'
HW_SDL2_LIBS='-lSDL2_mixer -lSDL2  -lSDL2main -lSDL2'
INSTALL_DATA='${INSTALL} -m 644'
INSTALL_PROGRAM='${INSTALL}'
INSTALL_SCRIPT='${INSTALL}'
INSTALL_STRIP_PROGRAM='$(install_sh) -c -s'
LDFLAGS='-fsanitize=address'
LIBOBJS=''
LIBS=''
LTLIBOBJS=''
MAKEINFO='${SHELL} '\''/work/1oom/build-aux/missing'\'' makeinfo'
MKDIR_P='/usr/bin/mkdir -p'
OBJEXT='o'
OS_DIR='$(top_builddir)/src/os/unix'
OS_INCLUDES='-I$(top_srcdir)/src/os/unix'
OS_LIBS='$(top_builddir)/src/os/unix/libos.a'
OS_SRC_DIR='$(top_srcdir)/src/os/unix'
PACKAGE='1oom'
PACKAGE_BUGREPORT=''
PACKAGE_NAME='1oom'
PACKAGE_STRING='1oom 0.1'
PACKAGE_TARNAME='1oom'
PACKAGE_URL=''
PACKAGE_VERSION='0.1'
PATH_SEPARATOR=':'
RANLIB='ranlib'
SAMPLERATE_LIBS='-lsamplerate'
SET_MAKE=''
SHELL='/bin/bash'
STRIP='strip'
VERSION='0.1'
ac_ct_AR='ar'
ac_ct_CC='gcc'
ac_ct_pkg_config='pkg-config'
ac_ct_sdl2_config='sdl2-config'
ac_ct_sdl_config=''
am__EXEEXT_FALSE=''
am__EXEEXT_TRUE='#'
am__fastdepCC_FALSE='#'
am__fastdepCC_TRUE=''
am__include='include'
am__isrc=' -I$(srcdir)'
am__leading_dot='.'
am__nodep='_no'
am__quote=''
am__tar='$${TAR-tar} chof - "$$tardir"'
am__untar='$${TAR-tar} xf -'
bindir='${exec_prefix}/bin'
build='x86_64-pc-linux-gnu'
build_alias=''
build_cpu='x86_64'
build_os='linux-gnu'
build_vendor='pc'
datadir='${datarootdir}'
datarootdir='${prefix}/share'
docdir='${datarootdir}/doc/${PACKAGE_TARNAME}'
dvidir='${docdir}'
exec_prefix='${prefix}'
host='x86_64-pc-linux-gnu'
host_alias=''
host_cpu='x86_64'
host_os='linux-gnu'
host_vendor='pc'
htmldir='${docdir}'
includedir='${prefix}/include'
infodir='${datarootdir}/info'
install_sh='${SHELL} /work/1oom/build-aux/install-sh'
libdir='${exec_prefix}/lib'
libexecdir='${exec_prefix}/libexec'
localedir='${datarootdir}/locale'
localstatedir='${prefix}/var'
mandir='${datarootdir}/man'
mkdir_p='$(MKDIR_P)'
oldincludedir='/usr/include'
pdfdir='${docdir}'
pkg_config='pkg-config'
prefix='/usr/local'
program_transform_name='s,x,x,'
psdir='${docdir}'
runstatedir='${localstatedir}/run'
sbindir='${exec_prefix}/sbin'
sdl2_config='sdl2-config'
sdl_config=''
sharedstatedir='${prefix}/com'
sysconfdir='${prefix}/etc'
target_alias=''

## ----------- ##
## confdefs.h. ##
## ----------- ##

/* confdefs.h */
#define PACKAGE_NAME "1oom"
#define PACKAGE_TARNAME "1oom"
#define PACKAGE_VERSION "0.1"
#define PACKAGE_STRING "1oom 0.1"
#define PACKAGE_BUGREPORT ""
#define PACKAGE_URL ""
#define PACKAGE "1oom"
#define VERSION "0.1"
#define HAVE_STDIO_H 1
#define HAVE_STDLIB_H 1
#define HAVE_STRING_H 1
#define HAVE_INTTYPES_H 1
#define HAVE_STDINT_H 1
#define HAVE_STRINGS_H 1
#define HAVE_SYS_STAT_H 1
#define HAVE_SYS_TYPES_H 1
#define HAVE_UNISTD_H 1
#define STDC_HEADERS 1
#define HAVE_INTTYPES_H 1
#define HAVE_STDBOOL_H 1
#define HAVE_ATEXIT 1
#define HAVE_STRCASECMP 1
#define HAVE_SAMPLERATE /**/
#define HAVE_SDL2_SDL_H 1
#define HAVE_LIBSDL2 1
#define USE_HWSDL2 /**/
#define HAVE_SDL2MIXER /**/
#define HAVE_SDL2MAIN /**/

configure: exit 0

## ---------------------- ##
## Running config.status. ##
## ---------------------- ##

This file was extended by 1oom config.status 0.1, which was
generated by GNU Autoconf 2.71.  Invocation command line was

  CONFIG_FILES    = 
  CONFIG_HEADERS  = 
  CONFIG_LINKS    = 
  CONFIG_COMMANDS = 
  $ ./config.status src/Makefile depfiles

on d906d4da6958

config.status:936: creating src/Makefile
config.status:1150: executing depfiles commands
config.status:1227: cd src       && sed -e '/# am--include-marker/d' Makefile         | make -f - am--depfiles
make[2]: Entering directory '/work/build-asan/src'
make[2]: Nothing to be done for 'am--depfiles'.
make[2]: Leaving directory '/work/build-asan/src'
config.status:1232: $? = 0
